<?xml version="1.0" encoding="UTF-8"?>
<!-- Generated by org.testng.reporters.JUnitXMLReporter -->
<testsuite ignored="3" hostname="DESKTOP-1ULGF16" failures="0" tests="1" name="Default test" time="10.095" errors="0" timestamp="2024-04-23T13:29:30 IST">
  <testcase classname="amazon.Testscript" name="featuretest" time="7.227"/>
  <testcase classname="amazon.Testscript" name="ancor" time="0.0">
    <ignored/>
  </testcase> <!-- ancor -->
  <testcase classname="amazon.Testscript" name="images" time="0.0">
    <ignored/>
  </testcase> <!-- images -->
  <testcase classname="amazon.Testscript" name="varification" time="0.0">
    <ignored/>
  </testcase> <!-- varification -->
</testsuite> <!-- Default test -->
