<?xml version="1.0" encoding="UTF-8"?>
<testng-results ignored="3" total="4" passed="1" failed="0" skipped="0">
  <reporter-output>
  </reporter-output>
  <suite started-at="2024-04-23T13:29:20 IST" name="Default suite" finished-at="2024-04-23T13:29:30 IST" duration-ms="10095">
    <groups>
    </groups>
    <test started-at="2024-04-23T13:29:20 IST" name="Default test" finished-at="2024-04-23T13:29:30 IST" duration-ms="10095">
      <class name="amazon.Testscript">
        <test-method is-config="true" signature="openAppln()[pri:0, instance:amazon.Testscript@1afd44cb]" started-at="2024-04-23T13:29:20 IST" name="openAppln" finished-at="2024-04-23T13:29:23 IST" duration-ms="2838" status="PASS">
          <reporter-output>
          </reporter-output>
        </test-method> <!-- openAppln -->
        <test-method signature="featuretest()[pri:1, instance:amazon.Testscript@1afd44cb]" started-at="2024-04-23T13:29:23 IST" name="featuretest" finished-at="2024-04-23T13:29:30 IST" duration-ms="7227" status="PASS">
          <reporter-output>
          </reporter-output>
        </test-method> <!-- featuretest -->
        <test-method is-config="true" signature="closeAppln()[pri:0, instance:amazon.Testscript@1afd44cb]" started-at="2024-04-23T13:29:30 IST" name="closeAppln" finished-at="2024-04-23T13:29:30 IST" duration-ms="0" status="PASS">
          <reporter-output>
          </reporter-output>
        </test-method> <!-- closeAppln -->
      </class> <!-- amazon.Testscript -->
    </test> <!-- Default test -->
  </suite> <!-- Default suite -->
</testng-results>
